<?xml version="1.0" encoding="UTF-8"?>
<testsuite xmlns:xsi="http://www.w3.org/2001/XMLSchema-instance" xsi:noNamespaceSchemaLocation="https://maven.apache.org/surefire/maven-surefire-plugin/xsd/surefire-test-report.xsd" name="TestLionException" time="0.051" tests="4" errors="0" skipped="0" failures="0">
  <properties>
[...]
</properties>
  <testcase name="throwsExceptionTrue[0]" classname="TestLionException" time="0.032"/>
  <testcase name="throwsExceptionTrue[1]" classname="TestLionException" time="0"/>
  <testcase name="throwsExceptionTrue[2]" classname="TestLionException" time="0"/>
  <testcase name="throwsExceptionTrue[3]" classname="TestLionException" time="0.003"/>
</testsuite>